# JRE version: Java(TM) SE Runtime Environment (8.0_131-b11) (build 1.8.0_131-b11)
# Java VM: Java HotSpot(TM) 64-Bit Server VM (25.131-b11 mixed mode bsd-amd64 compressed oops)
Heap:
 PSYoungGen      total 141824K, used 105387K [0x000000076ab00000, 0x0000000774000000, 0x00000007c0000000)
  eden space 131072K, 80% used [0x000000076ab00000,0x00000007711eadb0,0x0000000772b00000)
  from space 10752K, 0% used [0x0000000773580000,0x0000000773580000,0x0000000774000000)
  to   space 10752K, 0% used [0x0000000772b00000,0x0000000772b00000,0x0000000773580000)
 ParOldGen       total 98304K, used 6245K [0x00000006c0000000, 0x00000006c6000000, 0x000000076ab00000)
  object space 98304K, 6% used [0x00000006c0000000,0x00000006c0619680,0x00000006c6000000)
 Metaspace       used 28205K, capacity 28574K, committed 28800K, reserved 1075200K
  class space    used 3583K, capacity 3706K, committed 3712K, reserved 1048576K
GC Heap History (6 events):
Event: 0.975 GC heap before
{Heap before GC invocations=1 (full 0):
 PSYoungGen      total 76288K, used 65536K [0x000000076ab00000, 0x0000000770000000, 0x00000007c0000000)
  eden space 65536K, 100% used [0x000000076ab00000,0x000000076eb00000,0x000000076eb00000)
  from space 10752K, 0% used [0x000000076f580000,0x000000076f580000,0x0000000770000000)
  to   space 10752K, 0% used [0x000000076eb00000,0x000000076eb00000,0x000000076f580000)
 ParOldGen       total 175104K, used 0K [0x00000006c0000000, 0x00000006cab00000, 0x000000076ab00000)
  object space 175104K, 0% used [0x00000006c0000000,0x00000006c0000000,0x00000006cab00000)
 Metaspace       used 20054K, capacity 20284K, committed 20352K, reserved 1067008K
  class space    used 2533K, capacity 2645K, committed 2688K, reserved 1048576K
Event: 0.996 GC heap after
Heap after GC invocations=1 (full 0):
 PSYoungGen      total 76288K, used 10737K [0x000000076ab00000, 0x0000000774000000, 0x00000007c0000000)
  eden space 65536K, 0% used [0x000000076ab00000,0x000000076ab00000,0x000000076eb00000)
  from space 10752K, 99% used [0x000000076eb00000,0x000000076f57c6f8,0x000000076f580000)
  to   space 10752K, 0% used [0x0000000773580000,0x0000000773580000,0x0000000774000000)
 ParOldGen       total 175104K, used 5025K [0x00000006c0000000, 0x00000006cab00000, 0x000000076ab00000)
  object space 175104K, 2% used [0x00000006c0000000,0x00000006c04e8468,0x00000006cab00000)
 Metaspace       used 20054K, capacity 20284K, committed 20352K, reserved 1067008K
  class space    used 2533K, capacity 2645K, committed 2688K, reserved 1048576K
}
Event: 1.056 GC heap before
{Heap before GC invocations=2 (full 0):
 PSYoungGen      total 76288K, used 15280K [0x000000076ab00000, 0x0000000774000000, 0x00000007c0000000)
  eden space 65536K, 6% used [0x000000076ab00000,0x000000076af6f920,0x000000076eb00000)
  from space 10752K, 99% used [0x000000076eb00000,0x000000076f57c6f8,0x000000076f580000)
  to   space 10752K, 0% used [0x0000000773580000,0x0000000773580000,0x0000000774000000)
 ParOldGen       total 175104K, used 5025K [0x00000006c0000000, 0x00000006cab00000, 0x000000076ab00000)
  object space 175104K, 2% used [0x00000006c0000000,0x00000006c04e8468,0x00000006cab00000)
 Metaspace       used 20902K, capacity 21152K, committed 21248K, reserved 1067008K
  class space    used 2672K, capacity 2785K, committed 2816K, reserved 1048576K
Event: 1.061 GC heap after
Heap after GC invocations=2 (full 0):
 PSYoungGen      total 141824K, used 5915K [0x000000076ab00000, 0x0000000774000000, 0x00000007c0000000)
  eden space 131072K, 0% used [0x000000076ab00000,0x000000076ab00000,0x0000000772b00000)
  from space 10752K, 55% used [0x0000000773580000,0x0000000773b46c00,0x0000000774000000)
  to   space 10752K, 0% used [0x0000000772b00000,0x0000000772b00000,0x0000000773580000)
 ParOldGen       total 175104K, used 5033K [0x00000006c0000000, 0x00000006cab00000, 0x000000076ab00000)
  object space 175104K, 2% used [0x00000006c0000000,0x00000006c04ea468,0x00000006cab00000)
 Metaspace       used 20902K, capacity 21152K, committed 21248K, reserved 1067008K
  class space    used 2672K, capacity 2785K, committed 2816K, reserved 1048576K
}
Event: 1.061 GC heap before
{Heap before GC invocations=3 (full 1):
 PSYoungGen      total 141824K, used 5915K [0x000000076ab00000, 0x0000000774000000, 0x00000007c0000000)
  eden space 131072K, 0% used [0x000000076ab00000,0x000000076ab00000,0x0000000772b00000)
  from space 10752K, 55% used [0x0000000773580000,0x0000000773b46c00,0x0000000774000000)
  to   space 10752K, 0% used [0x0000000772b00000,0x0000000772b00000,0x0000000773580000)
 ParOldGen       total 175104K, used 5033K [0x00000006c0000000, 0x00000006cab00000, 0x000000076ab00000)
  object space 175104K, 2% used [0x00000006c0000000,0x00000006c04ea468,0x00000006cab00000)
 Metaspace       used 20902K, capacity 21152K, committed 21248K, reserved 1067008K
  class space    used 2672K, capacity 2785K, committed 2816K, reserved 1048576K
Event: 1.086 GC heap after
Heap after GC invocations=3 (full 1):
 PSYoungGen      total 141824K, used 0K [0x000000076ab00000, 0x0000000774000000, 0x00000007c0000000)
  eden space 131072K, 0% used [0x000000076ab00000,0x000000076ab00000,0x0000000772b00000)
  from space 10752K, 0% used [0x0000000773580000,0x0000000773580000,0x0000000774000000)
  to   space 10752K, 0% used [0x0000000772b00000,0x0000000772b00000,0x0000000773580000)
 ParOldGen       total 98304K, used 6245K [0x00000006c0000000, 0x00000006c6000000, 0x000000076ab00000)
  object space 98304K, 6% used [0x00000006c0000000,0x00000006c0619680,0x00000006c6000000)
 Metaspace       used 20902K, capacity 21152K, committed 21248K, reserved 1067008K
  class space    used 2672K, capacity 2785K, committed 2816K, reserved 1048576K
}

